2023-06-28 14:26:10,138 INFO tech.noetzold.spyware.SpywareApplication [restartedMain] Starting SpywareApplication using Java 11.0.15.1 on hal9000 with PID 5380 (C:\Users\Usuário\Documents\Projetos\GitHub\spyware-API\target\classes started by Usuário in C:\Users\Usuário\Documents\Projetos\GitHub\spyware-API)
2023-06-28 14:26:10,140 INFO tech.noetzold.spyware.SpywareApplication [restartedMain] No active profile set, falling back to 1 default profile: "default"
2023-06-28 14:26:10,177 INFO org.springframework.boot.devtools.env.DevToolsPropertyDefaultsPostProcessor [restartedMain] Devtools property defaults active! Set 'spring.devtools.add-properties' to 'false' to disable
2023-06-28 14:26:10,177 INFO org.springframework.boot.devtools.env.DevToolsPropertyDefaultsPostProcessor [restartedMain] For additional web related logging consider setting the 'logging.level.web' property to 'DEBUG'
2023-06-28 14:26:11,041 INFO org.springframework.data.repository.config.RepositoryConfigurationDelegate [restartedMain] Multiple Spring Data modules found, entering strict repository configuration mode!
2023-06-28 14:26:11,042 INFO org.springframework.data.repository.config.RepositoryConfigurationDelegate [restartedMain] Bootstrapping Spring Data JPA repositories in DEFAULT mode.
2023-06-28 14:26:11,183 INFO org.springframework.data.repository.config.RepositoryConfigurationDelegate [restartedMain] Finished Spring Data repository scanning in 133 ms. Found 7 JPA repository interfaces.
2023-06-28 14:26:11,193 INFO org.springframework.data.repository.config.RepositoryConfigurationDelegate [restartedMain] Multiple Spring Data modules found, entering strict repository configuration mode!
2023-06-28 14:26:11,194 INFO org.springframework.data.repository.config.RepositoryConfigurationDelegate [restartedMain] Bootstrapping Spring Data Redis repositories in DEFAULT mode.
2023-06-28 14:26:11,205 INFO org.springframework.data.repository.config.RepositoryConfigurationExtensionSupport [restartedMain] Spring Data Redis - Could not safely identify store assignment for repository candidate interface tech.noetzold.spyware.repository.AlertRepository. If you want this repository to be a Redis repository, consider annotating your entities with one of these annotations: org.springframework.data.redis.core.RedisHash (preferred), or consider extending one of the following types with your repository: org.springframework.data.keyvalue.repository.KeyValueRepository.
2023-06-28 14:26:11,206 INFO org.springframework.data.repository.config.RepositoryConfigurationExtensionSupport [restartedMain] Spring Data Redis - Could not safely identify store assignment for repository candidate interface tech.noetzold.spyware.repository.BadLanguageRepository. If you want this repository to be a Redis repository, consider annotating your entities with one of these annotations: org.springframework.data.redis.core.RedisHash (preferred), or consider extending one of the following types with your repository: org.springframework.data.keyvalue.repository.KeyValueRepository.
2023-06-28 14:26:11,206 INFO org.springframework.data.repository.config.RepositoryConfigurationExtensionSupport [restartedMain] Spring Data Redis - Could not safely identify store assignment for repository candidate interface tech.noetzold.spyware.repository.ImageRepository. If you want this repository to be a Redis repository, consider annotating your entities with one of these annotations: org.springframework.data.redis.core.RedisHash (preferred), or consider extending one of the following types with your repository: org.springframework.data.keyvalue.repository.KeyValueRepository.
2023-06-28 14:26:11,206 INFO org.springframework.data.repository.config.RepositoryConfigurationExtensionSupport [restartedMain] Spring Data Redis - Could not safely identify store assignment for repository candidate interface tech.noetzold.spyware.repository.MaliciousPortRepository. If you want this repository to be a Redis repository, consider annotating your entities with one of these annotations: org.springframework.data.redis.core.RedisHash (preferred), or consider extending one of the following types with your repository: org.springframework.data.keyvalue.repository.KeyValueRepository.
2023-06-28 14:26:11,206 INFO org.springframework.data.repository.config.RepositoryConfigurationExtensionSupport [restartedMain] Spring Data Redis - Could not safely identify store assignment for repository candidate interface tech.noetzold.spyware.repository.MaliciousProcessRepository. If you want this repository to be a Redis repository, consider annotating your entities with one of these annotations: org.springframework.data.redis.core.RedisHash (preferred), or consider extending one of the following types with your repository: org.springframework.data.keyvalue.repository.KeyValueRepository.
2023-06-28 14:26:11,207 INFO org.springframework.data.repository.config.RepositoryConfigurationExtensionSupport [restartedMain] Spring Data Redis - Could not safely identify store assignment for repository candidate interface tech.noetzold.spyware.repository.MaliciousWebsiteRepository. If you want this repository to be a Redis repository, consider annotating your entities with one of these annotations: org.springframework.data.redis.core.RedisHash (preferred), or consider extending one of the following types with your repository: org.springframework.data.keyvalue.repository.KeyValueRepository.
2023-06-28 14:26:11,207 INFO org.springframework.data.repository.config.RepositoryConfigurationExtensionSupport [restartedMain] Spring Data Redis - Could not safely identify store assignment for repository candidate interface tech.noetzold.spyware.repository.UserRepository. If you want this repository to be a Redis repository, consider annotating your entities with one of these annotations: org.springframework.data.redis.core.RedisHash (preferred), or consider extending one of the following types with your repository: org.springframework.data.keyvalue.repository.KeyValueRepository.
2023-06-28 14:26:11,207 INFO org.springframework.data.repository.config.RepositoryConfigurationDelegate [restartedMain] Finished Spring Data repository scanning in 7 ms. Found 0 Redis repository interfaces.
2023-06-28 14:26:11,905 WARN io.undertow.websockets.jsr [restartedMain] UT026010: Buffer pool was not set on WebSocketDeploymentInfo, the default pool will be used
2023-06-28 14:26:11,917 INFO io.undertow.servlet [restartedMain] Initializing Spring embedded WebApplicationContext
2023-06-28 14:26:11,917 INFO org.springframework.boot.web.servlet.context.ServletWebServerApplicationContext [restartedMain] Root WebApplicationContext: initialization completed in 1739 ms
2023-06-28 14:26:12,381 INFO com.zaxxer.hikari.HikariDataSource [restartedMain] HikariPool-1 - Starting...
2023-06-28 14:26:12,544 INFO com.zaxxer.hikari.HikariDataSource [restartedMain] HikariPool-1 - Start completed.
2023-06-28 14:26:12,561 INFO org.flywaydb.core.internal.license.VersionPrinter [restartedMain] Flyway Community Edition 8.0.5 by Redgate
2023-06-28 14:26:12,561 INFO org.flywaydb.core.internal.database.base.BaseDatabaseType [restartedMain] Database: jdbc:postgresql://localhost:5432/spywareApi (PostgreSQL 14.5)
2023-06-28 14:26:12,593 INFO org.flywaydb.core.internal.command.DbValidate [restartedMain] Successfully validated 1 migration (execution time 00:00.016s)
2023-06-28 14:26:12,599 INFO org.flywaydb.core.internal.command.DbMigrate [restartedMain] Current version of schema "public": 01
2023-06-28 14:26:12,599 INFO org.flywaydb.core.internal.command.DbMigrate [restartedMain] Schema "public" is up to date. No migration necessary.
2023-06-28 14:26:12,665 INFO org.hibernate.jpa.internal.util.LogHelper [restartedMain] HHH000204: Processing PersistenceUnitInfo [name: default]
2023-06-28 14:26:12,708 INFO org.hibernate.Version [restartedMain] HHH000412: Hibernate ORM core version 5.6.5.Final
2023-06-28 14:26:12,825 INFO org.hibernate.annotations.common.Version [restartedMain] HCANN000001: Hibernate Commons Annotations {5.1.2.Final}
2023-06-28 14:26:12,925 INFO org.hibernate.dialect.Dialect [restartedMain] HHH000400: Using dialect: org.hibernate.dialect.PostgreSQL10Dialect
2023-06-28 14:26:13,429 INFO org.hibernate.engine.transaction.jta.platform.internal.JtaPlatformInitiator [restartedMain] HHH000490: Using JtaPlatform implementation: [org.hibernate.engine.transaction.jta.platform.internal.NoJtaPlatform]
2023-06-28 14:26:13,437 INFO org.springframework.orm.jpa.LocalContainerEntityManagerFactoryBean [restartedMain] Initialized JPA EntityManagerFactory for persistence unit 'default'
2023-06-28 14:26:13,566 DEBUG org.hibernate.stat.internal.StatisticsInitiator [restartedMain] Statistics initialized [enabled=false]
2023-06-28 14:26:14,116 INFO org.springframework.amqp.rabbit.connection.CachingConnectionFactory [restartedMain] Attempting to connect to: [localhost:5672]
2023-06-28 14:26:14,156 INFO org.springframework.amqp.rabbit.connection.CachingConnectionFactory [restartedMain] Created new connection: rabbitConnectionFactory#3f7c46bb:0/SimpleConnection@53fbcdea [delegate=amqp://admin@127.0.0.1:5672/, localPort= 55509]
2023-06-28 14:26:14,310 WARN org.springframework.boot.autoconfigure.orm.jpa.JpaBaseConfiguration$JpaWebConfiguration [restartedMain] spring.jpa.open-in-view is enabled by default. Therefore, database queries may be performed during view rendering. Explicitly configure spring.jpa.open-in-view to disable this warning
2023-06-28 14:26:14,447 INFO org.springframework.security.web.DefaultSecurityFilterChain [restartedMain] Will not secure any request
2023-06-28 14:26:15,539 INFO org.springframework.boot.devtools.autoconfigure.OptionalLiveReloadServer [restartedMain] LiveReload server is running on port 35729
2023-06-28 14:26:15,544 INFO org.springframework.boot.actuate.endpoint.web.EndpointLinksResolver [restartedMain] Exposing 15 endpoint(s) beneath base path '/actuator'
2023-06-28 14:26:15,607 INFO io.undertow [restartedMain] starting server: Undertow - 2.2.16.Final
2023-06-28 14:26:15,615 INFO org.xnio [restartedMain] XNIO version 3.8.6.Final
2023-06-28 14:26:15,622 INFO org.xnio.nio [restartedMain] XNIO NIO Implementation Version 3.8.6.Final
2023-06-28 14:26:15,682 INFO org.jboss.threads [restartedMain] JBoss Threads version 3.1.0.Final
2023-06-28 14:26:15,713 INFO org.springframework.boot.web.embedded.undertow.UndertowWebServer [restartedMain] Undertow started on port(s) 8091 (http)
2023-06-28 14:26:15,717 INFO org.springframework.amqp.rabbit.listener.DirectMessageListenerContainer [restartedMain] Container initialized for queues: [ALERT]
2023-06-28 14:26:15,725 INFO org.springframework.amqp.rabbit.listener.DirectMessageListenerContainer [org.springframework.amqp.rabbit.RabbitListenerEndpointContainer#0-1] SimpleConsumer [queue=ALERT, index=0, consumerTag=amq.ctag-94CQb9brDBKDdZaMjG6j-w identity=31ab0dcd] started
2023-06-28 14:26:15,730 INFO tech.noetzold.spyware.SpywareApplication [restartedMain] Started SpywareApplication in 5.905 seconds (JVM running for 6.453)
2023-06-28 14:26:16,792 INFO io.undertow.servlet [XNIO-1 task-1] Initializing Spring DispatcherServlet 'dispatcherServlet'
2023-06-28 14:26:16,793 INFO org.springframework.web.servlet.DispatcherServlet [XNIO-1 task-1] Initializing Servlet 'dispatcherServlet'
2023-06-28 14:26:16,794 INFO org.springframework.web.servlet.DispatcherServlet [XNIO-1 task-1] Completed initialization in 1 ms
2023-06-28 14:26:38,538 INFO org.springframework.amqp.rabbit.listener.DirectMessageListenerContainer [SpringApplicationShutdownHook] Successfully waited for consumers to finish.
2023-06-28 14:26:38,539 INFO io.undertow [SpringApplicationShutdownHook] stopping server: Undertow - 2.2.16.Final
2023-06-28 14:26:38,544 INFO io.undertow.servlet [SpringApplicationShutdownHook] Destroying Spring FrameworkServlet 'dispatcherServlet'
2023-06-28 14:26:38,557 INFO org.springframework.orm.jpa.LocalContainerEntityManagerFactoryBean [SpringApplicationShutdownHook] Closing JPA EntityManagerFactory for persistence unit 'default'
2023-06-28 14:26:38,559 INFO com.zaxxer.hikari.HikariDataSource [SpringApplicationShutdownHook] HikariPool-1 - Shutdown initiated...
2023-06-28 14:26:38,565 INFO com.zaxxer.hikari.HikariDataSource [SpringApplicationShutdownHook] HikariPool-1 - Shutdown completed.
